<?xml version="1.0" encoding="UTF-8"?>
<testng-results skipped="0" failed="0" total="1" passed="1">
  <reporter-output>
  </reporter-output>
  <suite name="Default suite" duration-ms="9902" started-at="2024-02-02T15:28:43Z" finished-at="2024-02-02T15:28:53Z">
    <groups>
    </groups>
    <test name="Default test" duration-ms="9902" started-at="2024-02-02T15:28:43Z" finished-at="2024-02-02T15:28:53Z">
      <class name="org.testing.TestNgExample1">
        <test-method status="PASS" signature="LaunchBrowser()[pri:0, instance:org.testing.TestNgExample1@59f99ea]" name="LaunchBrowser" is-config="true" duration-ms="2871" started-at="2024-02-02T20:58:43Z" finished-at="2024-02-02T20:58:46Z">
          <reporter-output>
          </reporter-output>
        </test-method> <!-- LaunchBrowser -->
        <test-method status="PASS" signature="StartTime()[pri:0, instance:org.testing.TestNgExample1@59f99ea]" name="StartTime" is-config="true" duration-ms="2604" started-at="2024-02-02T20:58:46Z" finished-at="2024-02-02T20:58:48Z">
          <reporter-output>
          </reporter-output>
        </test-method> <!-- StartTime -->
        <test-method status="PASS" signature="Test()[pri:0, instance:org.testing.TestNgExample1@59f99ea]" name="Test" duration-ms="4148" started-at="2024-02-02T20:58:48Z" finished-at="2024-02-02T20:58:52Z">
          <reporter-output>
          </reporter-output>
        </test-method> <!-- Test -->
        <test-method status="PASS" signature="EndTime()[pri:0, instance:org.testing.TestNgExample1@59f99ea]" name="EndTime" is-config="true" duration-ms="1" started-at="2024-02-02T20:58:52Z" finished-at="2024-02-02T20:58:52Z">
          <reporter-output>
          </reporter-output>
        </test-method> <!-- EndTime -->
        <test-method status="PASS" signature="BrowserClose()[pri:0, instance:org.testing.TestNgExample1@59f99ea]" name="BrowserClose" is-config="true" duration-ms="260" started-at="2024-02-02T20:58:52Z" finished-at="2024-02-02T20:58:53Z">
          <reporter-output>
          </reporter-output>
        </test-method> <!-- BrowserClose -->
      </class> <!-- org.testing.TestNgExample1 -->
    </test> <!-- Default test -->
  </suite> <!-- Default suite -->
</testng-results>
